[2018-03-12 17:03:32] production.ERROR: No application encryption key has been specified. {"exception":"[object] (RuntimeException(code: 0): No application encryption key has been specified. at /Users/ramsesordonez/Documents/git/AlphaWeb/umbrella-irrigation/vendor/laravel/framework/src/Illuminate/Encryption/EncryptionServiceProvider.php:42)
[stacktrace]
#0 /Users/ramsesordonez/Documents/git/AlphaWeb/umbrella-irrigation/vendor/laravel/framework/src/Illuminate/Support/helpers.php(1035): Illuminate\\Encryption\\EncryptionServiceProvider->Illuminate\\Encryption\\{closure}(NULL)
#1 /Users/ramsesordonez/Documents/git/AlphaWeb/umbrella-irrigation/vendor/laravel/framework/src/Illuminate/Encryption/EncryptionServiceProvider.php(46): tap(NULL, Object(Closure))
#2 /Users/ramsesordonez/Documents/git/AlphaWeb/umbrella-irrigation/vendor/laravel/framework/src/Illuminate/Encryption/EncryptionServiceProvider.php(24): Illuminate\\Encryption\\EncryptionServiceProvider->key(Array)
#3 /Users/ramsesordonez/Documents/git/AlphaWeb/umbrella-irrigation/vendor/laravel/framework/src/Illuminate/Container/Container.php(749): Illuminate\\Encryption\\EncryptionServiceProvider->Illuminate\\Encryption\\{closure}(Object(Illuminate\\Foundation\\Application), Array)
#4 /Users/ramsesordonez/Documents/git/AlphaWeb/umbrella-irrigation/vendor/laravel/framework/src/Illuminate/Container/Container.php(631): Illuminate\\Container\\Container->build(Object(Closure))
#5 /Users/ramsesordonez/Documents/git/AlphaWeb/umbrella-irrigation/vendor/laravel/framework/src/Illuminate/Container/Container.php(586): Illuminate\\Container\\Container->resolve('encrypter', Array)
#6 /Users/ramsesordonez/Documents/git/AlphaWeb/umbrella-irrigation/vendor/laravel/framework/src/Illuminate/Foundation/Application.php(721): Illuminate\\Container\\Container->make('encrypter', Array)
#7 /Users/ramsesordonez/Documents/git/AlphaWeb/umbrella-irrigation/vendor/laravel/framework/src/Illuminate/Container/Container.php(885): Illuminate\\Foundation\\Application->make('encrypter')
#8 /Users/ramsesordonez/Documents/git/AlphaWeb/umbrella-irrigation/vendor/laravel/framework/src/Illuminate/Container/Container.php(813): Illuminate\\Container\\Container->resolveClass(Object(ReflectionParameter))
#9 /Users/ramsesordonez/Documents/git/AlphaWeb/umbrella-irrigation/vendor/laravel/framework/src/Illuminate/Container/Container.php(780): Illuminate\\Container\\Container->resolveDependencies(Array)
#10 /Users/ramsesordonez/Documents/git/AlphaWeb/umbrella-irrigation/vendor/laravel/framework/src/Illuminate/Container/Container.php(631): Illuminate\\Container\\Container->build('App\\\\Http\\\\Middle...')
#11 /Users/ramsesordonez/Documents/git/AlphaWeb/umbrella-irrigation/vendor/laravel/framework/src/Illuminate/Container/Container.php(586): Illuminate\\Container\\Container->resolve('App\\\\Http\\\\Middle...', Array)
#12 /Users/ramsesordonez/Documents/git/AlphaWeb/umbrella-irrigation/vendor/laravel/framework/src/Illuminate/Foundation/Application.php(721): Illuminate\\Container\\Container->make('App\\\\Http\\\\Middle...', Array)
#13 /Users/ramsesordonez/Documents/git/AlphaWeb/umbrella-irrigation/vendor/laravel/framework/src/Illuminate/Pipeline/Pipeline.php(138): Illuminate\\Foundation\\Application->make('App\\\\Http\\\\Middle...')
#14 /Users/ramsesordonez/Documents/git/AlphaWeb/umbrella-irrigation/vendor/laravel/framework/src/Illuminate/Routing/Pipeline.php(53): Illuminate\\Pipeline\\Pipeline->Illuminate\\Pipeline\\{closure}(Object(Illuminate\\Http\\Request))
#15 /Users/ramsesordonez/Documents/git/AlphaWeb/umbrella-irrigation/vendor/laravel/framework/src/Illuminate/Pipeline/Pipeline.php(102): Illuminate\\Routing\\Pipeline->Illuminate\\Routing\\{closure}(Object(Illuminate\\Http\\Request))
#16 /Users/ramsesordonez/Documents/git/AlphaWeb/umbrella-irrigation/vendor/laravel/framework/src/Illuminate/Routing/Router.php(647): Illuminate\\Pipeline\\Pipeline->then(Object(Closure))
#17 /Users/ramsesordonez/Documents/git/AlphaWeb/umbrella-irrigation/vendor/laravel/framework/src/Illuminate/Routing/Router.php(622): Illuminate\\Routing\\Router->runRouteWithinStack(Object(Illuminate\\Routing\\Route), Object(Illuminate\\Http\\Request))
#18 /Users/ramsesordonez/Documents/git/AlphaWeb/umbrella-irrigation/vendor/laravel/framework/src/Illuminate/Routing/Router.php(588): Illuminate\\Routing\\Router->runRoute(Object(Illuminate\\Http\\Request), Object(Illuminate\\Routing\\Route))
#19 /Users/ramsesordonez/Documents/git/AlphaWeb/umbrella-irrigation/vendor/laravel/framework/src/Illuminate/Routing/Router.php(577): Illuminate\\Routing\\Router->dispatchToRoute(Object(Illuminate\\Http\\Request))
#20 /Users/ramsesordonez/Documents/git/AlphaWeb/umbrella-irrigation/vendor/laravel/framework/src/Illuminate/Foundation/Http/Kernel.php(176): Illuminate\\Routing\\Router->dispatch(Object(Illuminate\\Http\\Request))
#21 /Users/ramsesordonez/Documents/git/AlphaWeb/umbrella-irrigation/vendor/laravel/framework/src/Illuminate/Routing/Pipeline.php(30): Illuminate\\Foundation\\Http\\Kernel->Illuminate\\Foundation\\Http\\{closure}(Object(Illuminate\\Http\\Request))
#22 /Users/ramsesordonez/Documents/git/AlphaWeb/umbrella-irrigation/vendor/fideloper/proxy/src/TrustProxies.php(56): Illuminate\\Routing\\Pipeline->Illuminate\\Routing\\{closure}(Object(Illuminate\\Http\\Request))
#23 /Users/ramsesordonez/Documents/git/AlphaWeb/umbrella-irrigation/vendor/laravel/framework/src/Illuminate/Pipeline/Pipeline.php(149): Fideloper\\Proxy\\TrustProxies->handle(Object(Illuminate\\Http\\Request), Object(Closure))
#24 /Users/ramsesordonez/Documents/git/AlphaWeb/umbrella-irrigation/vendor/laravel/framework/src/Illuminate/Routing/Pipeline.php(53): Illuminate\\Pipeline\\Pipeline->Illuminate\\Pipeline\\{closure}(Object(Illuminate\\Http\\Request))
#25 /Users/ramsesordonez/Documents/git/AlphaWeb/umbrella-irrigation/vendor/laravel/framework/src/Illuminate/Foundation/Http/Middleware/TransformsRequest.php(30): Illuminate\\Routing\\Pipeline->Illuminate\\Routing\\{closure}(Object(Illuminate\\Http\\Request))
#26 /Users/ramsesordonez/Documents/git/AlphaWeb/umbrella-irrigation/vendor/laravel/framework/src/Illuminate/Pipeline/Pipeline.php(149): Illuminate\\Foundation\\Http\\Middleware\\TransformsRequest->handle(Object(Illuminate\\Http\\Request), Object(Closure))
#27 /Users/ramsesordonez/Documents/git/AlphaWeb/umbrella-irrigation/vendor/laravel/framework/src/Illuminate/Routing/Pipeline.php(53): Illuminate\\Pipeline\\Pipeline->Illuminate\\Pipeline\\{closure}(Object(Illuminate\\Http\\Request))
#28 /Users/ramsesordonez/Documents/git/AlphaWeb/umbrella-irrigation/vendor/laravel/framework/src/Illuminate/Foundation/Http/Middleware/TransformsRequest.php(30): Illuminate\\Routing\\Pipeline->Illuminate\\Routing\\{closure}(Object(Illuminate\\Http\\Request))
#29 /Users/ramsesordonez/Documents/git/AlphaWeb/umbrella-irrigation/vendor/laravel/framework/src/Illuminate/Pipeline/Pipeline.php(149): Illuminate\\Foundation\\Http\\Middleware\\TransformsRequest->handle(Object(Illuminate\\Http\\Request), Object(Closure))
#30 /Users/ramsesordonez/Documents/git/AlphaWeb/umbrella-irrigation/vendor/laravel/framework/src/Illuminate/Routing/Pipeline.php(53): Illuminate\\Pipeline\\Pipeline->Illuminate\\Pipeline\\{closure}(Object(Illuminate\\Http\\Request))
#31 /Users/ramsesordonez/Documents/git/AlphaWeb/umbrella-irrigation/vendor/laravel/framework/src/Illuminate/Foundation/Http/Middleware/ValidatePostSize.php(27): Illuminate\\Routing\\Pipeline->Illuminate\\Routing\\{closure}(Object(Illuminate\\Http\\Request))
#32 /Users/ramsesordonez/Documents/git/AlphaWeb/umbrella-irrigation/vendor/laravel/framework/src/Illuminate/Pipeline/Pipeline.php(149): Illuminate\\Foundation\\Http\\Middleware\\ValidatePostSize->handle(Object(Illuminate\\Http\\Request), Object(Closure))
#33 /Users/ramsesordonez/Documents/git/AlphaWeb/umbrella-irrigation/vendor/laravel/framework/src/Illuminate/Routing/Pipeline.php(53): Illuminate\\Pipeline\\Pipeline->Illuminate\\Pipeline\\{closure}(Object(Illuminate\\Http\\Request))
#34 /Users/ramsesordonez/Documents/git/AlphaWeb/umbrella-irrigation/vendor/laravel/framework/src/Illuminate/Foundation/Http/Middleware/CheckForMaintenanceMode.php(46): Illuminate\\Routing\\Pipeline->Illuminate\\Routing\\{closure}(Object(Illuminate\\Http\\Request))
#35 /Users/ramsesordonez/Documents/git/AlphaWeb/umbrella-irrigation/vendor/laravel/framework/src/Illuminate/Pipeline/Pipeline.php(149): Illuminate\\Foundation\\Http\\Middleware\\CheckForMaintenanceMode->handle(Object(Illuminate\\Http\\Request), Object(Closure))
#36 /Users/ramsesordonez/Documents/git/AlphaWeb/umbrella-irrigation/vendor/laravel/framework/src/Illuminate/Routing/Pipeline.php(53): Illuminate\\Pipeline\\Pipeline->Illuminate\\Pipeline\\{closure}(Object(Illuminate\\Http\\Request))
#37 /Users/ramsesordonez/Documents/git/AlphaWeb/umbrella-irrigation/vendor/laravel/framework/src/Illuminate/Pipeline/Pipeline.php(102): Illuminate\\Routing\\Pipeline->Illuminate\\Routing\\{closure}(Object(Illuminate\\Http\\Request))
#38 /Users/ramsesordonez/Documents/git/AlphaWeb/umbrella-irrigation/vendor/laravel/framework/src/Illuminate/Foundation/Http/Kernel.php(151): Illuminate\\Pipeline\\Pipeline->then(Object(Closure))
#39 /Users/ramsesordonez/Documents/git/AlphaWeb/umbrella-irrigation/vendor/laravel/framework/src/Illuminate/Foundation/Http/Kernel.php(116): Illuminate\\Foundation\\Http\\Kernel->sendRequestThroughRouter(Object(Illuminate\\Http\\Request))
#40 /Users/ramsesordonez/Documents/git/AlphaWeb/umbrella-irrigation/public/index.php(55): Illuminate\\Foundation\\Http\\Kernel->handle(Object(Illuminate\\Http\\Request))
#41 /Users/ramsesordonez/Documents/git/AlphaWeb/umbrella-irrigation/server.php(21): require_once('/Users/ramsesor...')
#42 {main}
"} 
[2018-03-12 17:03:32] production.ERROR: No application encryption key has been specified. {"exception":"[object] (RuntimeException(code: 0): No application encryption key has been specified. at /Users/ramsesordonez/Documents/git/AlphaWeb/umbrella-irrigation/vendor/laravel/framework/src/Illuminate/Encryption/EncryptionServiceProvider.php:42)
[stacktrace]
#0 /Users/ramsesordonez/Documents/git/AlphaWeb/umbrella-irrigation/vendor/laravel/framework/src/Illuminate/Support/helpers.php(1035): Illuminate\\Encryption\\EncryptionServiceProvider->Illuminate\\Encryption\\{closure}(NULL)
#1 /Users/ramsesordonez/Documents/git/AlphaWeb/umbrella-irrigation/vendor/laravel/framework/src/Illuminate/Encryption/EncryptionServiceProvider.php(46): tap(NULL, Object(Closure))
#2 /Users/ramsesordonez/Documents/git/AlphaWeb/umbrella-irrigation/vendor/laravel/framework/src/Illuminate/Encryption/EncryptionServiceProvider.php(24): Illuminate\\Encryption\\EncryptionServiceProvider->key(Array)
#3 /Users/ramsesordonez/Documents/git/AlphaWeb/umbrella-irrigation/vendor/laravel/framework/src/Illuminate/Container/Container.php(749): Illuminate\\Encryption\\EncryptionServiceProvider->Illuminate\\Encryption\\{closure}(Object(Illuminate\\Foundation\\Application), Array)
#4 /Users/ramsesordonez/Documents/git/AlphaWeb/umbrella-irrigation/vendor/laravel/framework/src/Illuminate/Container/Container.php(631): Illuminate\\Container\\Container->build(Object(Closure))
#5 /Users/ramsesordonez/Documents/git/AlphaWeb/umbrella-irrigation/vendor/laravel/framework/src/Illuminate/Container/Container.php(586): Illuminate\\Container\\Container->resolve('encrypter', Array)
#6 /Users/ramsesordonez/Documents/git/AlphaWeb/umbrella-irrigation/vendor/laravel/framework/src/Illuminate/Foundation/Application.php(721): Illuminate\\Container\\Container->make('encrypter', Array)
#7 /Users/ramsesordonez/Documents/git/AlphaWeb/umbrella-irrigation/vendor/laravel/framework/src/Illuminate/Container/Container.php(885): Illuminate\\Foundation\\Application->make('encrypter')
#8 /Users/ramsesordonez/Documents/git/AlphaWeb/umbrella-irrigation/vendor/laravel/framework/src/Illuminate/Container/Container.php(813): Illuminate\\Container\\Container->resolveClass(Object(ReflectionParameter))
#9 /Users/ramsesordonez/Documents/git/AlphaWeb/umbrella-irrigation/vendor/laravel/framework/src/Illuminate/Container/Container.php(780): Illuminate\\Container\\Container->resolveDependencies(Array)
#10 /Users/ramsesordonez/Documents/git/AlphaWeb/umbrella-irrigation/vendor/laravel/framework/src/Illuminate/Container/Container.php(631): Illuminate\\Container\\Container->build('App\\\\Http\\\\Middle...')
#11 /Users/ramsesordonez/Documents/git/AlphaWeb/umbrella-irrigation/vendor/laravel/framework/src/Illuminate/Container/Container.php(586): Illuminate\\Container\\Container->resolve('App\\\\Http\\\\Middle...', Array)
#12 /Users/ramsesordonez/Documents/git/AlphaWeb/umbrella-irrigation/vendor/laravel/framework/src/Illuminate/Foundation/Application.php(721): Illuminate\\Container\\Container->make('App\\\\Http\\\\Middle...', Array)
#13 /Users/ramsesordonez/Documents/git/AlphaWeb/umbrella-irrigation/vendor/laravel/framework/src/Illuminate/Foundation/Http/Kernel.php(215): Illuminate\\Foundation\\Application->make('App\\\\Http\\\\Middle...')
#14 /Users/ramsesordonez/Documents/git/AlphaWeb/umbrella-irrigation/vendor/laravel/framework/src/Illuminate/Foundation/Http/Kernel.php(189): Illuminate\\Foundation\\Http\\Kernel->terminateMiddleware(Object(Illuminate\\Http\\Request), Object(Illuminate\\Http\\Response))
#15 /Users/ramsesordonez/Documents/git/AlphaWeb/umbrella-irrigation/public/index.php(60): Illuminate\\Foundation\\Http\\Kernel->terminate(Object(Illuminate\\Http\\Request), Object(Illuminate\\Http\\Response))
#16 /Users/ramsesordonez/Documents/git/AlphaWeb/umbrella-irrigation/server.php(21): require_once('/Users/ramsesor...')
#17 {main}
"} 
[2018-03-12 17:03:44] production.ERROR: No application encryption key has been specified. {"exception":"[object] (RuntimeException(code: 0): No application encryption key has been specified. at /Users/ramsesordonez/Documents/git/AlphaWeb/umbrella-irrigation/vendor/laravel/framework/src/Illuminate/Encryption/EncryptionServiceProvider.php:42)
[stacktrace]
#0 /Users/ramsesordonez/Documents/git/AlphaWeb/umbrella-irrigation/vendor/laravel/framework/src/Illuminate/Support/helpers.php(1035): Illuminate\\Encryption\\EncryptionServiceProvider->Illuminate\\Encryption\\{closure}(NULL)
#1 /Users/ramsesordonez/Documents/git/AlphaWeb/umbrella-irrigation/vendor/laravel/framework/src/Illuminate/Encryption/EncryptionServiceProvider.php(46): tap(NULL, Object(Closure))
#2 /Users/ramsesordonez/Documents/git/AlphaWeb/umbrella-irrigation/vendor/laravel/framework/src/Illuminate/Encryption/EncryptionServiceProvider.php(24): Illuminate\\Encryption\\EncryptionServiceProvider->key(Array)
#3 /Users/ramsesordonez/Documents/git/AlphaWeb/umbrella-irrigation/vendor/laravel/framework/src/Illuminate/Container/Container.php(749): Illuminate\\Encryption\\EncryptionServiceProvider->Illuminate\\Encryption\\{closure}(Object(Illuminate\\Foundation\\Application), Array)
#4 /Users/ramsesordonez/Documents/git/AlphaWeb/umbrella-irrigation/vendor/laravel/framework/src/Illuminate/Container/Container.php(631): Illuminate\\Container\\Container->build(Object(Closure))
#5 /Users/ramsesordonez/Documents/git/AlphaWeb/umbrella-irrigation/vendor/laravel/framework/src/Illuminate/Container/Container.php(586): Illuminate\\Container\\Container->resolve('encrypter', Array)
#6 /Users/ramsesordonez/Documents/git/AlphaWeb/umbrella-irrigation/vendor/laravel/framework/src/Illuminate/Foundation/Application.php(721): Illuminate\\Container\\Container->make('encrypter', Array)
#7 /Users/ramsesordonez/Documents/git/AlphaWeb/umbrella-irrigation/vendor/laravel/framework/src/Illuminate/Container/Container.php(885): Illuminate\\Foundation\\Application->make('encrypter')
#8 /Users/ramsesordonez/Documents/git/AlphaWeb/umbrella-irrigation/vendor/laravel/framework/src/Illuminate/Container/Container.php(813): Illuminate\\Container\\Container->resolveClass(Object(ReflectionParameter))
#9 /Users/ramsesordonez/Documents/git/AlphaWeb/umbrella-irrigation/vendor/laravel/framework/src/Illuminate/Container/Container.php(780): Illuminate\\Container\\Container->resolveDependencies(Array)
#10 /Users/ramsesordonez/Documents/git/AlphaWeb/umbrella-irrigation/vendor/laravel/framework/src/Illuminate/Container/Container.php(631): Illuminate\\Container\\Container->build('App\\\\Http\\\\Middle...')
#11 /Users/ramsesordonez/Documents/git/AlphaWeb/umbrella-irrigation/vendor/laravel/framework/src/Illuminate/Container/Container.php(586): Illuminate\\Container\\Container->resolve('App\\\\Http\\\\Middle...', Array)
#12 /Users/ramsesordonez/Documents/git/AlphaWeb/umbrella-irrigation/vendor/laravel/framework/src/Illuminate/Foundation/Application.php(721): Illuminate\\Container\\Container->make('App\\\\Http\\\\Middle...', Array)
#13 /Users/ramsesordonez/Documents/git/AlphaWeb/umbrella-irrigation/vendor/laravel/framework/src/Illuminate/Pipeline/Pipeline.php(138): Illuminate\\Foundation\\Application->make('App\\\\Http\\\\Middle...')
#14 /Users/ramsesordonez/Documents/git/AlphaWeb/umbrella-irrigation/vendor/laravel/framework/src/Illuminate/Routing/Pipeline.php(53): Illuminate\\Pipeline\\Pipeline->Illuminate\\Pipeline\\{closure}(Object(Illuminate\\Http\\Request))
#15 /Users/ramsesordonez/Documents/git/AlphaWeb/umbrella-irrigation/vendor/laravel/framework/src/Illuminate/Pipeline/Pipeline.php(102): Illuminate\\Routing\\Pipeline->Illuminate\\Routing\\{closure}(Object(Illuminate\\Http\\Request))
#16 /Users/ramsesordonez/Documents/git/AlphaWeb/umbrella-irrigation/vendor/laravel/framework/src/Illuminate/Routing/Router.php(647): Illuminate\\Pipeline\\Pipeline->then(Object(Closure))
#17 /Users/ramsesordonez/Documents/git/AlphaWeb/umbrella-irrigation/vendor/laravel/framework/src/Illuminate/Routing/Router.php(622): Illuminate\\Routing\\Router->runRouteWithinStack(Object(Illuminate\\Routing\\Route), Object(Illuminate\\Http\\Request))
#18 /Users/ramsesordonez/Documents/git/AlphaWeb/umbrella-irrigation/vendor/laravel/framework/src/Illuminate/Routing/Router.php(588): Illuminate\\Routing\\Router->runRoute(Object(Illuminate\\Http\\Request), Object(Illuminate\\Routing\\Route))
#19 /Users/ramsesordonez/Documents/git/AlphaWeb/umbrella-irrigation/vendor/laravel/framework/src/Illuminate/Routing/Router.php(577): Illuminate\\Routing\\Router->dispatchToRoute(Object(Illuminate\\Http\\Request))
#20 /Users/ramsesordonez/Documents/git/AlphaWeb/umbrella-irrigation/vendor/laravel/framework/src/Illuminate/Foundation/Http/Kernel.php(176): Illuminate\\Routing\\Router->dispatch(Object(Illuminate\\Http\\Request))
#21 /Users/ramsesordonez/Documents/git/AlphaWeb/umbrella-irrigation/vendor/laravel/framework/src/Illuminate/Routing/Pipeline.php(30): Illuminate\\Foundation\\Http\\Kernel->Illuminate\\Foundation\\Http\\{closure}(Object(Illuminate\\Http\\Request))
#22 /Users/ramsesordonez/Documents/git/AlphaWeb/umbrella-irrigation/vendor/fideloper/proxy/src/TrustProxies.php(56): Illuminate\\Routing\\Pipeline->Illuminate\\Routing\\{closure}(Object(Illuminate\\Http\\Request))
#23 /Users/ramsesordonez/Documents/git/AlphaWeb/umbrella-irrigation/vendor/laravel/framework/src/Illuminate/Pipeline/Pipeline.php(149): Fideloper\\Proxy\\TrustProxies->handle(Object(Illuminate\\Http\\Request), Object(Closure))
#24 /Users/ramsesordonez/Documents/git/AlphaWeb/umbrella-irrigation/vendor/laravel/framework/src/Illuminate/Routing/Pipeline.php(53): Illuminate\\Pipeline\\Pipeline->Illuminate\\Pipeline\\{closure}(Object(Illuminate\\Http\\Request))
#25 /Users/ramsesordonez/Documents/git/AlphaWeb/umbrella-irrigation/vendor/laravel/framework/src/Illuminate/Foundation/Http/Middleware/TransformsRequest.php(30): Illuminate\\Routing\\Pipeline->Illuminate\\Routing\\{closure}(Object(Illuminate\\Http\\Request))
#26 /Users/ramsesordonez/Documents/git/AlphaWeb/umbrella-irrigation/vendor/laravel/framework/src/Illuminate/Pipeline/Pipeline.php(149): Illuminate\\Foundation\\Http\\Middleware\\TransformsRequest->handle(Object(Illuminate\\Http\\Request), Object(Closure))
#27 /Users/ramsesordonez/Documents/git/AlphaWeb/umbrella-irrigation/vendor/laravel/framework/src/Illuminate/Routing/Pipeline.php(53): Illuminate\\Pipeline\\Pipeline->Illuminate\\Pipeline\\{closure}(Object(Illuminate\\Http\\Request))
#28 /Users/ramsesordonez/Documents/git/AlphaWeb/umbrella-irrigation/vendor/laravel/framework/src/Illuminate/Foundation/Http/Middleware/TransformsRequest.php(30): Illuminate\\Routing\\Pipeline->Illuminate\\Routing\\{closure}(Object(Illuminate\\Http\\Request))
#29 /Users/ramsesordonez/Documents/git/AlphaWeb/umbrella-irrigation/vendor/laravel/framework/src/Illuminate/Pipeline/Pipeline.php(149): Illuminate\\Foundation\\Http\\Middleware\\TransformsRequest->handle(Object(Illuminate\\Http\\Request), Object(Closure))
#30 /Users/ramsesordonez/Documents/git/AlphaWeb/umbrella-irrigation/vendor/laravel/framework/src/Illuminate/Routing/Pipeline.php(53): Illuminate\\Pipeline\\Pipeline->Illuminate\\Pipeline\\{closure}(Object(Illuminate\\Http\\Request))
#31 /Users/ramsesordonez/Documents/git/AlphaWeb/umbrella-irrigation/vendor/laravel/framework/src/Illuminate/Foundation/Http/Middleware/ValidatePostSize.php(27): Illuminate\\Routing\\Pipeline->Illuminate\\Routing\\{closure}(Object(Illuminate\\Http\\Request))
#32 /Users/ramsesordonez/Documents/git/AlphaWeb/umbrella-irrigation/vendor/laravel/framework/src/Illuminate/Pipeline/Pipeline.php(149): Illuminate\\Foundation\\Http\\Middleware\\ValidatePostSize->handle(Object(Illuminate\\Http\\Request), Object(Closure))
#33 /Users/ramsesordonez/Documents/git/AlphaWeb/umbrella-irrigation/vendor/laravel/framework/src/Illuminate/Routing/Pipeline.php(53): Illuminate\\Pipeline\\Pipeline->Illuminate\\Pipeline\\{closure}(Object(Illuminate\\Http\\Request))
#34 /Users/ramsesordonez/Documents/git/AlphaWeb/umbrella-irrigation/vendor/laravel/framework/src/Illuminate/Foundation/Http/Middleware/CheckForMaintenanceMode.php(46): Illuminate\\Routing\\Pipeline->Illuminate\\Routing\\{closure}(Object(Illuminate\\Http\\Request))
#35 /Users/ramsesordonez/Documents/git/AlphaWeb/umbrella-irrigation/vendor/laravel/framework/src/Illuminate/Pipeline/Pipeline.php(149): Illuminate\\Foundation\\Http\\Middleware\\CheckForMaintenanceMode->handle(Object(Illuminate\\Http\\Request), Object(Closure))
#36 /Users/ramsesordonez/Documents/git/AlphaWeb/umbrella-irrigation/vendor/laravel/framework/src/Illuminate/Routing/Pipeline.php(53): Illuminate\\Pipeline\\Pipeline->Illuminate\\Pipeline\\{closure}(Object(Illuminate\\Http\\Request))
#37 /Users/ramsesordonez/Documents/git/AlphaWeb/umbrella-irrigation/vendor/laravel/framework/src/Illuminate/Pipeline/Pipeline.php(102): Illuminate\\Routing\\Pipeline->Illuminate\\Routing\\{closure}(Object(Illuminate\\Http\\Request))
#38 /Users/ramsesordonez/Documents/git/AlphaWeb/umbrella-irrigation/vendor/laravel/framework/src/Illuminate/Foundation/Http/Kernel.php(151): Illuminate\\Pipeline\\Pipeline->then(Object(Closure))
#39 /Users/ramsesordonez/Documents/git/AlphaWeb/umbrella-irrigation/vendor/laravel/framework/src/Illuminate/Foundation/Http/Kernel.php(116): Illuminate\\Foundation\\Http\\Kernel->sendRequestThroughRouter(Object(Illuminate\\Http\\Request))
#40 /Users/ramsesordonez/Documents/git/AlphaWeb/umbrella-irrigation/public/index.php(55): Illuminate\\Foundation\\Http\\Kernel->handle(Object(Illuminate\\Http\\Request))
#41 /Users/ramsesordonez/Documents/git/AlphaWeb/umbrella-irrigation/server.php(21): require_once('/Users/ramsesor...')
#42 {main}
"} 
[2018-03-12 17:03:44] production.ERROR: No application encryption key has been specified. {"exception":"[object] (RuntimeException(code: 0): No application encryption key has been specified. at /Users/ramsesordonez/Documents/git/AlphaWeb/umbrella-irrigation/vendor/laravel/framework/src/Illuminate/Encryption/EncryptionServiceProvider.php:42)
[stacktrace]
#0 /Users/ramsesordonez/Documents/git/AlphaWeb/umbrella-irrigation/vendor/laravel/framework/src/Illuminate/Support/helpers.php(1035): Illuminate\\Encryption\\EncryptionServiceProvider->Illuminate\\Encryption\\{closure}(NULL)
#1 /Users/ramsesordonez/Documents/git/AlphaWeb/umbrella-irrigation/vendor/laravel/framework/src/Illuminate/Encryption/EncryptionServiceProvider.php(46): tap(NULL, Object(Closure))
#2 /Users/ramsesordonez/Documents/git/AlphaWeb/umbrella-irrigation/vendor/laravel/framework/src/Illuminate/Encryption/EncryptionServiceProvider.php(24): Illuminate\\Encryption\\EncryptionServiceProvider->key(Array)
#3 /Users/ramsesordonez/Documents/git/AlphaWeb/umbrella-irrigation/vendor/laravel/framework/src/Illuminate/Container/Container.php(749): Illuminate\\Encryption\\EncryptionServiceProvider->Illuminate\\Encryption\\{closure}(Object(Illuminate\\Foundation\\Application), Array)
#4 /Users/ramsesordonez/Documents/git/AlphaWeb/umbrella-irrigation/vendor/laravel/framework/src/Illuminate/Container/Container.php(631): Illuminate\\Container\\Container->build(Object(Closure))
#5 /Users/ramsesordonez/Documents/git/AlphaWeb/umbrella-irrigation/vendor/laravel/framework/src/Illuminate/Container/Container.php(586): Illuminate\\Container\\Container->resolve('encrypter', Array)
#6 /Users/ramsesordonez/Documents/git/AlphaWeb/umbrella-irrigation/vendor/laravel/framework/src/Illuminate/Foundation/Application.php(721): Illuminate\\Container\\Container->make('encrypter', Array)
#7 /Users/ramsesordonez/Documents/git/AlphaWeb/umbrella-irrigation/vendor/laravel/framework/src/Illuminate/Container/Container.php(885): Illuminate\\Foundation\\Application->make('encrypter')
#8 /Users/ramsesordonez/Documents/git/AlphaWeb/umbrella-irrigation/vendor/laravel/framework/src/Illuminate/Container/Container.php(813): Illuminate\\Container\\Container->resolveClass(Object(ReflectionParameter))
#9 /Users/ramsesordonez/Documents/git/AlphaWeb/umbrella-irrigation/vendor/laravel/framework/src/Illuminate/Container/Container.php(780): Illuminate\\Container\\Container->resolveDependencies(Array)
#10 /Users/ramsesordonez/Documents/git/AlphaWeb/umbrella-irrigation/vendor/laravel/framework/src/Illuminate/Container/Container.php(631): Illuminate\\Container\\Container->build('App\\\\Http\\\\Middle...')
#11 /Users/ramsesordonez/Documents/git/AlphaWeb/umbrella-irrigation/vendor/laravel/framework/src/Illuminate/Container/Container.php(586): Illuminate\\Container\\Container->resolve('App\\\\Http\\\\Middle...', Array)
#12 /Users/ramsesordonez/Documents/git/AlphaWeb/umbrella-irrigation/vendor/laravel/framework/src/Illuminate/Foundation/Application.php(721): Illuminate\\Container\\Container->make('App\\\\Http\\\\Middle...', Array)
#13 /Users/ramsesordonez/Documents/git/AlphaWeb/umbrella-irrigation/vendor/laravel/framework/src/Illuminate/Foundation/Http/Kernel.php(215): Illuminate\\Foundation\\Application->make('App\\\\Http\\\\Middle...')
#14 /Users/ramsesordonez/Documents/git/AlphaWeb/umbrella-irrigation/vendor/laravel/framework/src/Illuminate/Foundation/Http/Kernel.php(189): Illuminate\\Foundation\\Http\\Kernel->terminateMiddleware(Object(Illuminate\\Http\\Request), Object(Illuminate\\Http\\Response))
#15 /Users/ramsesordonez/Documents/git/AlphaWeb/umbrella-irrigation/public/index.php(60): Illuminate\\Foundation\\Http\\Kernel->terminate(Object(Illuminate\\Http\\Request), Object(Illuminate\\Http\\Response))
#16 /Users/ramsesordonez/Documents/git/AlphaWeb/umbrella-irrigation/server.php(21): require_once('/Users/ramsesor...')
#17 {main}
"} 
[2018-03-12 17:04:11] production.ERROR: No application encryption key has been specified. {"exception":"[object] (RuntimeException(code: 0): No application encryption key has been specified. at /Users/ramsesordonez/Documents/git/AlphaWeb/umbrella-irrigation/vendor/laravel/framework/src/Illuminate/Encryption/EncryptionServiceProvider.php:42)
[stacktrace]
#0 /Users/ramsesordonez/Documents/git/AlphaWeb/umbrella-irrigation/vendor/laravel/framework/src/Illuminate/Support/helpers.php(1035): Illuminate\\Encryption\\EncryptionServiceProvider->Illuminate\\Encryption\\{closure}(NULL)
#1 /Users/ramsesordonez/Documents/git/AlphaWeb/umbrella-irrigation/vendor/laravel/framework/src/Illuminate/Encryption/EncryptionServiceProvider.php(46): tap(NULL, Object(Closure))
#2 /Users/ramsesordonez/Documents/git/AlphaWeb/umbrella-irrigation/vendor/laravel/framework/src/Illuminate/Encryption/EncryptionServiceProvider.php(24): Illuminate\\Encryption\\EncryptionServiceProvider->key(Array)
#3 /Users/ramsesordonez/Documents/git/AlphaWeb/umbrella-irrigation/vendor/laravel/framework/src/Illuminate/Container/Container.php(749): Illuminate\\Encryption\\EncryptionServiceProvider->Illuminate\\Encryption\\{closure}(Object(Illuminate\\Foundation\\Application), Array)
#4 /Users/ramsesordonez/Documents/git/AlphaWeb/umbrella-irrigation/vendor/laravel/framework/src/Illuminate/Container/Container.php(631): Illuminate\\Container\\Container->build(Object(Closure))
#5 /Users/ramsesordonez/Documents/git/AlphaWeb/umbrella-irrigation/vendor/laravel/framework/src/Illuminate/Container/Container.php(586): Illuminate\\Container\\Container->resolve('encrypter', Array)
#6 /Users/ramsesordonez/Documents/git/AlphaWeb/umbrella-irrigation/vendor/laravel/framework/src/Illuminate/Foundation/Application.php(721): Illuminate\\Container\\Container->make('encrypter', Array)
#7 /Users/ramsesordonez/Documents/git/AlphaWeb/umbrella-irrigation/vendor/laravel/framework/src/Illuminate/Container/Container.php(885): Illuminate\\Foundation\\Application->make('encrypter')
#8 /Users/ramsesordonez/Documents/git/AlphaWeb/umbrella-irrigation/vendor/laravel/framework/src/Illuminate/Container/Container.php(813): Illuminate\\Container\\Container->resolveClass(Object(ReflectionParameter))
#9 /Users/ramsesordonez/Documents/git/AlphaWeb/umbrella-irrigation/vendor/laravel/framework/src/Illuminate/Container/Container.php(780): Illuminate\\Container\\Container->resolveDependencies(Array)
#10 /Users/ramsesordonez/Documents/git/AlphaWeb/umbrella-irrigation/vendor/laravel/framework/src/Illuminate/Container/Container.php(631): Illuminate\\Container\\Container->build('App\\\\Http\\\\Middle...')
#11 /Users/ramsesordonez/Documents/git/AlphaWeb/umbrella-irrigation/vendor/laravel/framework/src/Illuminate/Container/Container.php(586): Illuminate\\Container\\Container->resolve('App\\\\Http\\\\Middle...', Array)
#12 /Users/ramsesordonez/Documents/git/AlphaWeb/umbrella-irrigation/vendor/laravel/framework/src/Illuminate/Foundation/Application.php(721): Illuminate\\Container\\Container->make('App\\\\Http\\\\Middle...', Array)
#13 /Users/ramsesordonez/Documents/git/AlphaWeb/umbrella-irrigation/vendor/laravel/framework/src/Illuminate/Pipeline/Pipeline.php(138): Illuminate\\Foundation\\Application->make('App\\\\Http\\\\Middle...')
#14 /Users/ramsesordonez/Documents/git/AlphaWeb/umbrella-irrigation/vendor/laravel/framework/src/Illuminate/Routing/Pipeline.php(53): Illuminate\\Pipeline\\Pipeline->Illuminate\\Pipeline\\{closure}(Object(Illuminate\\Http\\Request))
#15 /Users/ramsesordonez/Documents/git/AlphaWeb/umbrella-irrigation/vendor/laravel/framework/src/Illuminate/Pipeline/Pipeline.php(102): Illuminate\\Routing\\Pipeline->Illuminate\\Routing\\{closure}(Object(Illuminate\\Http\\Request))
#16 /Users/ramsesordonez/Documents/git/AlphaWeb/umbrella-irrigation/vendor/laravel/framework/src/Illuminate/Routing/Router.php(647): Illuminate\\Pipeline\\Pipeline->then(Object(Closure))
#17 /Users/ramsesordonez/Documents/git/AlphaWeb/umbrella-irrigation/vendor/laravel/framework/src/Illuminate/Routing/Router.php(622): Illuminate\\Routing\\Router->runRouteWithinStack(Object(Illuminate\\Routing\\Route), Object(Illuminate\\Http\\Request))
#18 /Users/ramsesordonez/Documents/git/AlphaWeb/umbrella-irrigation/vendor/laravel/framework/src/Illuminate/Routing/Router.php(588): Illuminate\\Routing\\Router->runRoute(Object(Illuminate\\Http\\Request), Object(Illuminate\\Routing\\Route))
#19 /Users/ramsesordonez/Documents/git/AlphaWeb/umbrella-irrigation/vendor/laravel/framework/src/Illuminate/Routing/Router.php(577): Illuminate\\Routing\\Router->dispatchToRoute(Object(Illuminate\\Http\\Request))
#20 /Users/ramsesordonez/Documents/git/AlphaWeb/umbrella-irrigation/vendor/laravel/framework/src/Illuminate/Foundation/Http/Kernel.php(176): Illuminate\\Routing\\Router->dispatch(Object(Illuminate\\Http\\Request))
#21 /Users/ramsesordonez/Documents/git/AlphaWeb/umbrella-irrigation/vendor/laravel/framework/src/Illuminate/Routing/Pipeline.php(30): Illuminate\\Foundation\\Http\\Kernel->Illuminate\\Foundation\\Http\\{closure}(Object(Illuminate\\Http\\Request))
#22 /Users/ramsesordonez/Documents/git/AlphaWeb/umbrella-irrigation/vendor/fideloper/proxy/src/TrustProxies.php(56): Illuminate\\Routing\\Pipeline->Illuminate\\Routing\\{closure}(Object(Illuminate\\Http\\Request))
#23 /Users/ramsesordonez/Documents/git/AlphaWeb/umbrella-irrigation/vendor/laravel/framework/src/Illuminate/Pipeline/Pipeline.php(149): Fideloper\\Proxy\\TrustProxies->handle(Object(Illuminate\\Http\\Request), Object(Closure))
#24 /Users/ramsesordonez/Documents/git/AlphaWeb/umbrella-irrigation/vendor/laravel/framework/src/Illuminate/Routing/Pipeline.php(53): Illuminate\\Pipeline\\Pipeline->Illuminate\\Pipeline\\{closure}(Object(Illuminate\\Http\\Request))
#25 /Users/ramsesordonez/Documents/git/AlphaWeb/umbrella-irrigation/vendor/laravel/framework/src/Illuminate/Foundation/Http/Middleware/TransformsRequest.php(30): Illuminate\\Routing\\Pipeline->Illuminate\\Routing\\{closure}(Object(Illuminate\\Http\\Request))
#26 /Users/ramsesordonez/Documents/git/AlphaWeb/umbrella-irrigation/vendor/laravel/framework/src/Illuminate/Pipeline/Pipeline.php(149): Illuminate\\Foundation\\Http\\Middleware\\TransformsRequest->handle(Object(Illuminate\\Http\\Request), Object(Closure))
#27 /Users/ramsesordonez/Documents/git/AlphaWeb/umbrella-irrigation/vendor/laravel/framework/src/Illuminate/Routing/Pipeline.php(53): Illuminate\\Pipeline\\Pipeline->Illuminate\\Pipeline\\{closure}(Object(Illuminate\\Http\\Request))
#28 /Users/ramsesordonez/Documents/git/AlphaWeb/umbrella-irrigation/vendor/laravel/framework/src/Illuminate/Foundation/Http/Middleware/TransformsRequest.php(30): Illuminate\\Routing\\Pipeline->Illuminate\\Routing\\{closure}(Object(Illuminate\\Http\\Request))
#29 /Users/ramsesordonez/Documents/git/AlphaWeb/umbrella-irrigation/vendor/laravel/framework/src/Illuminate/Pipeline/Pipeline.php(149): Illuminate\\Foundation\\Http\\Middleware\\TransformsRequest->handle(Object(Illuminate\\Http\\Request), Object(Closure))
#30 /Users/ramsesordonez/Documents/git/AlphaWeb/umbrella-irrigation/vendor/laravel/framework/src/Illuminate/Routing/Pipeline.php(53): Illuminate\\Pipeline\\Pipeline->Illuminate\\Pipeline\\{closure}(Object(Illuminate\\Http\\Request))
#31 /Users/ramsesordonez/Documents/git/AlphaWeb/umbrella-irrigation/vendor/laravel/framework/src/Illuminate/Foundation/Http/Middleware/ValidatePostSize.php(27): Illuminate\\Routing\\Pipeline->Illuminate\\Routing\\{closure}(Object(Illuminate\\Http\\Request))
#32 /Users/ramsesordonez/Documents/git/AlphaWeb/umbrella-irrigation/vendor/laravel/framework/src/Illuminate/Pipeline/Pipeline.php(149): Illuminate\\Foundation\\Http\\Middleware\\ValidatePostSize->handle(Object(Illuminate\\Http\\Request), Object(Closure))
#33 /Users/ramsesordonez/Documents/git/AlphaWeb/umbrella-irrigation/vendor/laravel/framework/src/Illuminate/Routing/Pipeline.php(53): Illuminate\\Pipeline\\Pipeline->Illuminate\\Pipeline\\{closure}(Object(Illuminate\\Http\\Request))
#34 /Users/ramsesordonez/Documents/git/AlphaWeb/umbrella-irrigation/vendor/laravel/framework/src/Illuminate/Foundation/Http/Middleware/CheckForMaintenanceMode.php(46): Illuminate\\Routing\\Pipeline->Illuminate\\Routing\\{closure}(Object(Illuminate\\Http\\Request))
#35 /Users/ramsesordonez/Documents/git/AlphaWeb/umbrella-irrigation/vendor/laravel/framework/src/Illuminate/Pipeline/Pipeline.php(149): Illuminate\\Foundation\\Http\\Middleware\\CheckForMaintenanceMode->handle(Object(Illuminate\\Http\\Request), Object(Closure))
#36 /Users/ramsesordonez/Documents/git/AlphaWeb/umbrella-irrigation/vendor/laravel/framework/src/Illuminate/Routing/Pipeline.php(53): Illuminate\\Pipeline\\Pipeline->Illuminate\\Pipeline\\{closure}(Object(Illuminate\\Http\\Request))
#37 /Users/ramsesordonez/Documents/git/AlphaWeb/umbrella-irrigation/vendor/laravel/framework/src/Illuminate/Pipeline/Pipeline.php(102): Illuminate\\Routing\\Pipeline->Illuminate\\Routing\\{closure}(Object(Illuminate\\Http\\Request))
#38 /Users/ramsesordonez/Documents/git/AlphaWeb/umbrella-irrigation/vendor/laravel/framework/src/Illuminate/Foundation/Http/Kernel.php(151): Illuminate\\Pipeline\\Pipeline->then(Object(Closure))
#39 /Users/ramsesordonez/Documents/git/AlphaWeb/umbrella-irrigation/vendor/laravel/framework/src/Illuminate/Foundation/Http/Kernel.php(116): Illuminate\\Foundation\\Http\\Kernel->sendRequestThroughRouter(Object(Illuminate\\Http\\Request))
#40 /Users/ramsesordonez/Documents/git/AlphaWeb/umbrella-irrigation/public/index.php(55): Illuminate\\Foundation\\Http\\Kernel->handle(Object(Illuminate\\Http\\Request))
#41 /Users/ramsesordonez/Documents/git/AlphaWeb/umbrella-irrigation/server.php(21): require_once('/Users/ramsesor...')
#42 {main}
"} 
[2018-03-12 17:04:11] production.ERROR: No application encryption key has been specified. {"exception":"[object] (RuntimeException(code: 0): No application encryption key has been specified. at /Users/ramsesordonez/Documents/git/AlphaWeb/umbrella-irrigation/vendor/laravel/framework/src/Illuminate/Encryption/EncryptionServiceProvider.php:42)
[stacktrace]
#0 /Users/ramsesordonez/Documents/git/AlphaWeb/umbrella-irrigation/vendor/laravel/framework/src/Illuminate/Support/helpers.php(1035): Illuminate\\Encryption\\EncryptionServiceProvider->Illuminate\\Encryption\\{closure}(NULL)
#1 /Users/ramsesordonez/Documents/git/AlphaWeb/umbrella-irrigation/vendor/laravel/framework/src/Illuminate/Encryption/EncryptionServiceProvider.php(46): tap(NULL, Object(Closure))
#2 /Users/ramsesordonez/Documents/git/AlphaWeb/umbrella-irrigation/vendor/laravel/framework/src/Illuminate/Encryption/EncryptionServiceProvider.php(24): Illuminate\\Encryption\\EncryptionServiceProvider->key(Array)
#3 /Users/ramsesordonez/Documents/git/AlphaWeb/umbrella-irrigation/vendor/laravel/framework/src/Illuminate/Container/Container.php(749): Illuminate\\Encryption\\EncryptionServiceProvider->Illuminate\\Encryption\\{closure}(Object(Illuminate\\Foundation\\Application), Array)
#4 /Users/ramsesordonez/Documents/git/AlphaWeb/umbrella-irrigation/vendor/laravel/framework/src/Illuminate/Container/Container.php(631): Illuminate\\Container\\Container->build(Object(Closure))
#5 /Users/ramsesordonez/Documents/git/AlphaWeb/umbrella-irrigation/vendor/laravel/framework/src/Illuminate/Container/Container.php(586): Illuminate\\Container\\Container->resolve('encrypter', Array)
#6 /Users/ramsesordonez/Documents/git/AlphaWeb/umbrella-irrigation/vendor/laravel/framework/src/Illuminate/Foundation/Application.php(721): Illuminate\\Container\\Container->make('encrypter', Array)
#7 /Users/ramsesordonez/Documents/git/AlphaWeb/umbrella-irrigation/vendor/laravel/framework/src/Illuminate/Container/Container.php(885): Illuminate\\Foundation\\Application->make('encrypter')
#8 /Users/ramsesordonez/Documents/git/AlphaWeb/umbrella-irrigation/vendor/laravel/framework/src/Illuminate/Container/Container.php(813): Illuminate\\Container\\Container->resolveClass(Object(ReflectionParameter))
#9 /Users/ramsesordonez/Documents/git/AlphaWeb/umbrella-irrigation/vendor/laravel/framework/src/Illuminate/Container/Container.php(780): Illuminate\\Container\\Container->resolveDependencies(Array)
#10 /Users/ramsesordonez/Documents/git/AlphaWeb/umbrella-irrigation/vendor/laravel/framework/src/Illuminate/Container/Container.php(631): Illuminate\\Container\\Container->build('App\\\\Http\\\\Middle...')
#11 /Users/ramsesordonez/Documents/git/AlphaWeb/umbrella-irrigation/vendor/laravel/framework/src/Illuminate/Container/Container.php(586): Illuminate\\Container\\Container->resolve('App\\\\Http\\\\Middle...', Array)
#12 /Users/ramsesordonez/Documents/git/AlphaWeb/umbrella-irrigation/vendor/laravel/framework/src/Illuminate/Foundation/Application.php(721): Illuminate\\Container\\Container->make('App\\\\Http\\\\Middle...', Array)
#13 /Users/ramsesordonez/Documents/git/AlphaWeb/umbrella-irrigation/vendor/laravel/framework/src/Illuminate/Foundation/Http/Kernel.php(215): Illuminate\\Foundation\\Application->make('App\\\\Http\\\\Middle...')
#14 /Users/ramsesordonez/Documents/git/AlphaWeb/umbrella-irrigation/vendor/laravel/framework/src/Illuminate/Foundation/Http/Kernel.php(189): Illuminate\\Foundation\\Http\\Kernel->terminateMiddleware(Object(Illuminate\\Http\\Request), Object(Illuminate\\Http\\Response))
#15 /Users/ramsesordonez/Documents/git/AlphaWeb/umbrella-irrigation/public/index.php(60): Illuminate\\Foundation\\Http\\Kernel->terminate(Object(Illuminate\\Http\\Request), Object(Illuminate\\Http\\Response))
#16 /Users/ramsesordonez/Documents/git/AlphaWeb/umbrella-irrigation/server.php(21): require_once('/Users/ramsesor...')
#17 {main}
"} 
[2018-03-12 17:04:47] production.ERROR: No application encryption key has been specified. {"exception":"[object] (RuntimeException(code: 0): No application encryption key has been specified. at /Users/ramsesordonez/Documents/git/AlphaWeb/umbrella-irrigation/vendor/laravel/framework/src/Illuminate/Encryption/EncryptionServiceProvider.php:42)
[stacktrace]
#0 /Users/ramsesordonez/Documents/git/AlphaWeb/umbrella-irrigation/vendor/laravel/framework/src/Illuminate/Support/helpers.php(1035): Illuminate\\Encryption\\EncryptionServiceProvider->Illuminate\\Encryption\\{closure}(NULL)
#1 /Users/ramsesordonez/Documents/git/AlphaWeb/umbrella-irrigation/vendor/laravel/framework/src/Illuminate/Encryption/EncryptionServiceProvider.php(46): tap(NULL, Object(Closure))
#2 /Users/ramsesordonez/Documents/git/AlphaWeb/umbrella-irrigation/vendor/laravel/framework/src/Illuminate/Encryption/EncryptionServiceProvider.php(24): Illuminate\\Encryption\\EncryptionServiceProvider->key(Array)
#3 /Users/ramsesordonez/Documents/git/AlphaWeb/umbrella-irrigation/vendor/laravel/framework/src/Illuminate/Container/Container.php(749): Illuminate\\Encryption\\EncryptionServiceProvider->Illuminate\\Encryption\\{closure}(Object(Illuminate\\Foundation\\Application), Array)
#4 /Users/ramsesordonez/Documents/git/AlphaWeb/umbrella-irrigation/vendor/laravel/framework/src/Illuminate/Container/Container.php(631): Illuminate\\Container\\Container->build(Object(Closure))
#5 /Users/ramsesordonez/Documents/git/AlphaWeb/umbrella-irrigation/vendor/laravel/framework/src/Illuminate/Container/Container.php(586): Illuminate\\Container\\Container->resolve('encrypter', Array)
#6 /Users/ramsesordonez/Documents/git/AlphaWeb/umbrella-irrigation/vendor/laravel/framework/src/Illuminate/Foundation/Application.php(721): Illuminate\\Container\\Container->make('encrypter', Array)
#7 /Users/ramsesordonez/Documents/git/AlphaWeb/umbrella-irrigation/vendor/laravel/framework/src/Illuminate/Container/Container.php(885): Illuminate\\Foundation\\Application->make('encrypter')
#8 /Users/ramsesordonez/Documents/git/AlphaWeb/umbrella-irrigation/vendor/laravel/framework/src/Illuminate/Container/Container.php(813): Illuminate\\Container\\Container->resolveClass(Object(ReflectionParameter))
#9 /Users/ramsesordonez/Documents/git/AlphaWeb/umbrella-irrigation/vendor/laravel/framework/src/Illuminate/Container/Container.php(780): Illuminate\\Container\\Container->resolveDependencies(Array)
#10 /Users/ramsesordonez/Documents/git/AlphaWeb/umbrella-irrigation/vendor/laravel/framework/src/Illuminate/Container/Container.php(631): Illuminate\\Container\\Container->build('App\\\\Http\\\\Middle...')
#11 /Users/ramsesordonez/Documents/git/AlphaWeb/umbrella-irrigation/vendor/laravel/framework/src/Illuminate/Container/Container.php(586): Illuminate\\Container\\Container->resolve('App\\\\Http\\\\Middle...', Array)
#12 /Users/ramsesordonez/Documents/git/AlphaWeb/umbrella-irrigation/vendor/laravel/framework/src/Illuminate/Foundation/Application.php(721): Illuminate\\Container\\Container->make('App\\\\Http\\\\Middle...', Array)
#13 /Users/ramsesordonez/Documents/git/AlphaWeb/umbrella-irrigation/vendor/laravel/framework/src/Illuminate/Pipeline/Pipeline.php(138): Illuminate\\Foundation\\Application->make('App\\\\Http\\\\Middle...')
#14 /Users/ramsesordonez/Documents/git/AlphaWeb/umbrella-irrigation/vendor/laravel/framework/src/Illuminate/Routing/Pipeline.php(53): Illuminate\\Pipeline\\Pipeline->Illuminate\\Pipeline\\{closure}(Object(Illuminate\\Http\\Request))
#15 /Users/ramsesordonez/Documents/git/AlphaWeb/umbrella-irrigation/vendor/laravel/framework/src/Illuminate/Pipeline/Pipeline.php(102): Illuminate\\Routing\\Pipeline->Illuminate\\Routing\\{closure}(Object(Illuminate\\Http\\Request))
#16 /Users/ramsesordonez/Documents/git/AlphaWeb/umbrella-irrigation/vendor/laravel/framework/src/Illuminate/Routing/Router.php(647): Illuminate\\Pipeline\\Pipeline->then(Object(Closure))
#17 /Users/ramsesordonez/Documents/git/AlphaWeb/umbrella-irrigation/vendor/laravel/framework/src/Illuminate/Routing/Router.php(622): Illuminate\\Routing\\Router->runRouteWithinStack(Object(Illuminate\\Routing\\Route), Object(Illuminate\\Http\\Request))
#18 /Users/ramsesordonez/Documents/git/AlphaWeb/umbrella-irrigation/vendor/laravel/framework/src/Illuminate/Routing/Router.php(588): Illuminate\\Routing\\Router->runRoute(Object(Illuminate\\Http\\Request), Object(Illuminate\\Routing\\Route))
#19 /Users/ramsesordonez/Documents/git/AlphaWeb/umbrella-irrigation/vendor/laravel/framework/src/Illuminate/Routing/Router.php(577): Illuminate\\Routing\\Router->dispatchToRoute(Object(Illuminate\\Http\\Request))
#20 /Users/ramsesordonez/Documents/git/AlphaWeb/umbrella-irrigation/vendor/laravel/framework/src/Illuminate/Foundation/Http/Kernel.php(176): Illuminate\\Routing\\Router->dispatch(Object(Illuminate\\Http\\Request))
#21 /Users/ramsesordonez/Documents/git/AlphaWeb/umbrella-irrigation/vendor/laravel/framework/src/Illuminate/Routing/Pipeline.php(30): Illuminate\\Foundation\\Http\\Kernel->Illuminate\\Foundation\\Http\\{closure}(Object(Illuminate\\Http\\Request))
#22 /Users/ramsesordonez/Documents/git/AlphaWeb/umbrella-irrigation/vendor/fideloper/proxy/src/TrustProxies.php(56): Illuminate\\Routing\\Pipeline->Illuminate\\Routing\\{closure}(Object(Illuminate\\Http\\Request))
#23 /Users/ramsesordonez/Documents/git/AlphaWeb/umbrella-irrigation/vendor/laravel/framework/src/Illuminate/Pipeline/Pipeline.php(149): Fideloper\\Proxy\\TrustProxies->handle(Object(Illuminate\\Http\\Request), Object(Closure))
#24 /Users/ramsesordonez/Documents/git/AlphaWeb/umbrella-irrigation/vendor/laravel/framework/src/Illuminate/Routing/Pipeline.php(53): Illuminate\\Pipeline\\Pipeline->Illuminate\\Pipeline\\{closure}(Object(Illuminate\\Http\\Request))
#25 /Users/ramsesordonez/Documents/git/AlphaWeb/umbrella-irrigation/vendor/laravel/framework/src/Illuminate/Foundation/Http/Middleware/TransformsRequest.php(30): Illuminate\\Routing\\Pipeline->Illuminate\\Routing\\{closure}(Object(Illuminate\\Http\\Request))
#26 /Users/ramsesordonez/Documents/git/AlphaWeb/umbrella-irrigation/vendor/laravel/framework/src/Illuminate/Pipeline/Pipeline.php(149): Illuminate\\Foundation\\Http\\Middleware\\TransformsRequest->handle(Object(Illuminate\\Http\\Request), Object(Closure))
#27 /Users/ramsesordonez/Documents/git/AlphaWeb/umbrella-irrigation/vendor/laravel/framework/src/Illuminate/Routing/Pipeline.php(53): Illuminate\\Pipeline\\Pipeline->Illuminate\\Pipeline\\{closure}(Object(Illuminate\\Http\\Request))
#28 /Users/ramsesordonez/Documents/git/AlphaWeb/umbrella-irrigation/vendor/laravel/framework/src/Illuminate/Foundation/Http/Middleware/TransformsRequest.php(30): Illuminate\\Routing\\Pipeline->Illuminate\\Routing\\{closure}(Object(Illuminate\\Http\\Request))
#29 /Users/ramsesordonez/Documents/git/AlphaWeb/umbrella-irrigation/vendor/laravel/framework/src/Illuminate/Pipeline/Pipeline.php(149): Illuminate\\Foundation\\Http\\Middleware\\TransformsRequest->handle(Object(Illuminate\\Http\\Request), Object(Closure))
#30 /Users/ramsesordonez/Documents/git/AlphaWeb/umbrella-irrigation/vendor/laravel/framework/src/Illuminate/Routing/Pipeline.php(53): Illuminate\\Pipeline\\Pipeline->Illuminate\\Pipeline\\{closure}(Object(Illuminate\\Http\\Request))
#31 /Users/ramsesordonez/Documents/git/AlphaWeb/umbrella-irrigation/vendor/laravel/framework/src/Illuminate/Foundation/Http/Middleware/ValidatePostSize.php(27): Illuminate\\Routing\\Pipeline->Illuminate\\Routing\\{closure}(Object(Illuminate\\Http\\Request))
#32 /Users/ramsesordonez/Documents/git/AlphaWeb/umbrella-irrigation/vendor/laravel/framework/src/Illuminate/Pipeline/Pipeline.php(149): Illuminate\\Foundation\\Http\\Middleware\\ValidatePostSize->handle(Object(Illuminate\\Http\\Request), Object(Closure))
#33 /Users/ramsesordonez/Documents/git/AlphaWeb/umbrella-irrigation/vendor/laravel/framework/src/Illuminate/Routing/Pipeline.php(53): Illuminate\\Pipeline\\Pipeline->Illuminate\\Pipeline\\{closure}(Object(Illuminate\\Http\\Request))
#34 /Users/ramsesordonez/Documents/git/AlphaWeb/umbrella-irrigation/vendor/laravel/framework/src/Illuminate/Foundation/Http/Middleware/CheckForMaintenanceMode.php(46): Illuminate\\Routing\\Pipeline->Illuminate\\Routing\\{closure}(Object(Illuminate\\Http\\Request))
#35 /Users/ramsesordonez/Documents/git/AlphaWeb/umbrella-irrigation/vendor/laravel/framework/src/Illuminate/Pipeline/Pipeline.php(149): Illuminate\\Foundation\\Http\\Middleware\\CheckForMaintenanceMode->handle(Object(Illuminate\\Http\\Request), Object(Closure))
#36 /Users/ramsesordonez/Documents/git/AlphaWeb/umbrella-irrigation/vendor/laravel/framework/src/Illuminate/Routing/Pipeline.php(53): Illuminate\\Pipeline\\Pipeline->Illuminate\\Pipeline\\{closure}(Object(Illuminate\\Http\\Request))
#37 /Users/ramsesordonez/Documents/git/AlphaWeb/umbrella-irrigation/vendor/laravel/framework/src/Illuminate/Pipeline/Pipeline.php(102): Illuminate\\Routing\\Pipeline->Illuminate\\Routing\\{closure}(Object(Illuminate\\Http\\Request))
#38 /Users/ramsesordonez/Documents/git/AlphaWeb/umbrella-irrigation/vendor/laravel/framework/src/Illuminate/Foundation/Http/Kernel.php(151): Illuminate\\Pipeline\\Pipeline->then(Object(Closure))
#39 /Users/ramsesordonez/Documents/git/AlphaWeb/umbrella-irrigation/vendor/laravel/framework/src/Illuminate/Foundation/Http/Kernel.php(116): Illuminate\\Foundation\\Http\\Kernel->sendRequestThroughRouter(Object(Illuminate\\Http\\Request))
#40 /Users/ramsesordonez/Documents/git/AlphaWeb/umbrella-irrigation/public/index.php(55): Illuminate\\Foundation\\Http\\Kernel->handle(Object(Illuminate\\Http\\Request))
#41 /Users/ramsesordonez/Documents/git/AlphaWeb/umbrella-irrigation/server.php(21): require_once('/Users/ramsesor...')
#42 {main}
"} 
[2018-03-12 17:04:47] production.ERROR: No application encryption key has been specified. {"exception":"[object] (RuntimeException(code: 0): No application encryption key has been specified. at /Users/ramsesordonez/Documents/git/AlphaWeb/umbrella-irrigation/vendor/laravel/framework/src/Illuminate/Encryption/EncryptionServiceProvider.php:42)
[stacktrace]
#0 /Users/ramsesordonez/Documents/git/AlphaWeb/umbrella-irrigation/vendor/laravel/framework/src/Illuminate/Support/helpers.php(1035): Illuminate\\Encryption\\EncryptionServiceProvider->Illuminate\\Encryption\\{closure}(NULL)
#1 /Users/ramsesordonez/Documents/git/AlphaWeb/umbrella-irrigation/vendor/laravel/framework/src/Illuminate/Encryption/EncryptionServiceProvider.php(46): tap(NULL, Object(Closure))
#2 /Users/ramsesordonez/Documents/git/AlphaWeb/umbrella-irrigation/vendor/laravel/framework/src/Illuminate/Encryption/EncryptionServiceProvider.php(24): Illuminate\\Encryption\\EncryptionServiceProvider->key(Array)
#3 /Users/ramsesordonez/Documents/git/AlphaWeb/umbrella-irrigation/vendor/laravel/framework/src/Illuminate/Container/Container.php(749): Illuminate\\Encryption\\EncryptionServiceProvider->Illuminate\\Encryption\\{closure}(Object(Illuminate\\Foundation\\Application), Array)
#4 /Users/ramsesordonez/Documents/git/AlphaWeb/umbrella-irrigation/vendor/laravel/framework/src/Illuminate/Container/Container.php(631): Illuminate\\Container\\Container->build(Object(Closure))
#5 /Users/ramsesordonez/Documents/git/AlphaWeb/umbrella-irrigation/vendor/laravel/framework/src/Illuminate/Container/Container.php(586): Illuminate\\Container\\Container->resolve('encrypter', Array)
#6 /Users/ramsesordonez/Documents/git/AlphaWeb/umbrella-irrigation/vendor/laravel/framework/src/Illuminate/Foundation/Application.php(721): Illuminate\\Container\\Container->make('encrypter', Array)
#7 /Users/ramsesordonez/Documents/git/AlphaWeb/umbrella-irrigation/vendor/laravel/framework/src/Illuminate/Container/Container.php(885): Illuminate\\Foundation\\Application->make('encrypter')
#8 /Users/ramsesordonez/Documents/git/AlphaWeb/umbrella-irrigation/vendor/laravel/framework/src/Illuminate/Container/Container.php(813): Illuminate\\Container\\Container->resolveClass(Object(ReflectionParameter))
#9 /Users/ramsesordonez/Documents/git/AlphaWeb/umbrella-irrigation/vendor/laravel/framework/src/Illuminate/Container/Container.php(780): Illuminate\\Container\\Container->resolveDependencies(Array)
#10 /Users/ramsesordonez/Documents/git/AlphaWeb/umbrella-irrigation/vendor/laravel/framework/src/Illuminate/Container/Container.php(631): Illuminate\\Container\\Container->build('App\\\\Http\\\\Middle...')
#11 /Users/ramsesordonez/Documents/git/AlphaWeb/umbrella-irrigation/vendor/laravel/framework/src/Illuminate/Container/Container.php(586): Illuminate\\Container\\Container->resolve('App\\\\Http\\\\Middle...', Array)
#12 /Users/ramsesordonez/Documents/git/AlphaWeb/umbrella-irrigation/vendor/laravel/framework/src/Illuminate/Foundation/Application.php(721): Illuminate\\Container\\Container->make('App\\\\Http\\\\Middle...', Array)
#13 /Users/ramsesordonez/Documents/git/AlphaWeb/umbrella-irrigation/vendor/laravel/framework/src/Illuminate/Foundation/Http/Kernel.php(215): Illuminate\\Foundation\\Application->make('App\\\\Http\\\\Middle...')
#14 /Users/ramsesordonez/Documents/git/AlphaWeb/umbrella-irrigation/vendor/laravel/framework/src/Illuminate/Foundation/Http/Kernel.php(189): Illuminate\\Foundation\\Http\\Kernel->terminateMiddleware(Object(Illuminate\\Http\\Request), Object(Illuminate\\Http\\Response))
#15 /Users/ramsesordonez/Documents/git/AlphaWeb/umbrella-irrigation/public/index.php(60): Illuminate\\Foundation\\Http\\Kernel->terminate(Object(Illuminate\\Http\\Request), Object(Illuminate\\Http\\Response))
#16 /Users/ramsesordonez/Documents/git/AlphaWeb/umbrella-irrigation/server.php(21): require_once('/Users/ramsesor...')
#17 {main}
"} 
[2018-03-12 17:05:00] production.ERROR: No application encryption key has been specified. {"exception":"[object] (RuntimeException(code: 0): No application encryption key has been specified. at /Users/ramsesordonez/Documents/git/AlphaWeb/umbrella-irrigation/vendor/laravel/framework/src/Illuminate/Encryption/EncryptionServiceProvider.php:42)
[stacktrace]
#0 /Users/ramsesordonez/Documents/git/AlphaWeb/umbrella-irrigation/vendor/laravel/framework/src/Illuminate/Support/helpers.php(1035): Illuminate\\Encryption\\EncryptionServiceProvider->Illuminate\\Encryption\\{closure}(NULL)
#1 /Users/ramsesordonez/Documents/git/AlphaWeb/umbrella-irrigation/vendor/laravel/framework/src/Illuminate/Encryption/EncryptionServiceProvider.php(46): tap(NULL, Object(Closure))
#2 /Users/ramsesordonez/Documents/git/AlphaWeb/umbrella-irrigation/vendor/laravel/framework/src/Illuminate/Encryption/EncryptionServiceProvider.php(24): Illuminate\\Encryption\\EncryptionServiceProvider->key(Array)
#3 /Users/ramsesordonez/Documents/git/AlphaWeb/umbrella-irrigation/vendor/laravel/framework/src/Illuminate/Container/Container.php(749): Illuminate\\Encryption\\EncryptionServiceProvider->Illuminate\\Encryption\\{closure}(Object(Illuminate\\Foundation\\Application), Array)
#4 /Users/ramsesordonez/Documents/git/AlphaWeb/umbrella-irrigation/vendor/laravel/framework/src/Illuminate/Container/Container.php(631): Illuminate\\Container\\Container->build(Object(Closure))
#5 /Users/ramsesordonez/Documents/git/AlphaWeb/umbrella-irrigation/vendor/laravel/framework/src/Illuminate/Container/Container.php(586): Illuminate\\Container\\Container->resolve('encrypter', Array)
#6 /Users/ramsesordonez/Documents/git/AlphaWeb/umbrella-irrigation/vendor/laravel/framework/src/Illuminate/Foundation/Application.php(721): Illuminate\\Container\\Container->make('encrypter', Array)
#7 /Users/ramsesordonez/Documents/git/AlphaWeb/umbrella-irrigation/vendor/laravel/framework/src/Illuminate/Container/Container.php(885): Illuminate\\Foundation\\Application->make('encrypter')
#8 /Users/ramsesordonez/Documents/git/AlphaWeb/umbrella-irrigation/vendor/laravel/framework/src/Illuminate/Container/Container.php(813): Illuminate\\Container\\Container->resolveClass(Object(ReflectionParameter))
#9 /Users/ramsesordonez/Documents/git/AlphaWeb/umbrella-irrigation/vendor/laravel/framework/src/Illuminate/Container/Container.php(780): Illuminate\\Container\\Container->resolveDependencies(Array)
#10 /Users/ramsesordonez/Documents/git/AlphaWeb/umbrella-irrigation/vendor/laravel/framework/src/Illuminate/Container/Container.php(631): Illuminate\\Container\\Container->build('App\\\\Http\\\\Middle...')
#11 /Users/ramsesordonez/Documents/git/AlphaWeb/umbrella-irrigation/vendor/laravel/framework/src/Illuminate/Container/Container.php(586): Illuminate\\Container\\Container->resolve('App\\\\Http\\\\Middle...', Array)
#12 /Users/ramsesordonez/Documents/git/AlphaWeb/umbrella-irrigation/vendor/laravel/framework/src/Illuminate/Foundation/Application.php(721): Illuminate\\Container\\Container->make('App\\\\Http\\\\Middle...', Array)
#13 /Users/ramsesordonez/Documents/git/AlphaWeb/umbrella-irrigation/vendor/laravel/framework/src/Illuminate/Pipeline/Pipeline.php(138): Illuminate\\Foundation\\Application->make('App\\\\Http\\\\Middle...')
#14 /Users/ramsesordonez/Documents/git/AlphaWeb/umbrella-irrigation/vendor/laravel/framework/src/Illuminate/Routing/Pipeline.php(53): Illuminate\\Pipeline\\Pipeline->Illuminate\\Pipeline\\{closure}(Object(Illuminate\\Http\\Request))
#15 /Users/ramsesordonez/Documents/git/AlphaWeb/umbrella-irrigation/vendor/laravel/framework/src/Illuminate/Pipeline/Pipeline.php(102): Illuminate\\Routing\\Pipeline->Illuminate\\Routing\\{closure}(Object(Illuminate\\Http\\Request))
#16 /Users/ramsesordonez/Documents/git/AlphaWeb/umbrella-irrigation/vendor/laravel/framework/src/Illuminate/Routing/Router.php(647): Illuminate\\Pipeline\\Pipeline->then(Object(Closure))
#17 /Users/ramsesordonez/Documents/git/AlphaWeb/umbrella-irrigation/vendor/laravel/framework/src/Illuminate/Routing/Router.php(622): Illuminate\\Routing\\Router->runRouteWithinStack(Object(Illuminate\\Routing\\Route), Object(Illuminate\\Http\\Request))
#18 /Users/ramsesordonez/Documents/git/AlphaWeb/umbrella-irrigation/vendor/laravel/framework/src/Illuminate/Routing/Router.php(588): Illuminate\\Routing\\Router->runRoute(Object(Illuminate\\Http\\Request), Object(Illuminate\\Routing\\Route))
#19 /Users/ramsesordonez/Documents/git/AlphaWeb/umbrella-irrigation/vendor/laravel/framework/src/Illuminate/Routing/Router.php(577): Illuminate\\Routing\\Router->dispatchToRoute(Object(Illuminate\\Http\\Request))
#20 /Users/ramsesordonez/Documents/git/AlphaWeb/umbrella-irrigation/vendor/laravel/framework/src/Illuminate/Foundation/Http/Kernel.php(176): Illuminate\\Routing\\Router->dispatch(Object(Illuminate\\Http\\Request))
#21 /Users/ramsesordonez/Documents/git/AlphaWeb/umbrella-irrigation/vendor/laravel/framework/src/Illuminate/Routing/Pipeline.php(30): Illuminate\\Foundation\\Http\\Kernel->Illuminate\\Foundation\\Http\\{closure}(Object(Illuminate\\Http\\Request))
#22 /Users/ramsesordonez/Documents/git/AlphaWeb/umbrella-irrigation/vendor/fideloper/proxy/src/TrustProxies.php(56): Illuminate\\Routing\\Pipeline->Illuminate\\Routing\\{closure}(Object(Illuminate\\Http\\Request))
#23 /Users/ramsesordonez/Documents/git/AlphaWeb/umbrella-irrigation/vendor/laravel/framework/src/Illuminate/Pipeline/Pipeline.php(149): Fideloper\\Proxy\\TrustProxies->handle(Object(Illuminate\\Http\\Request), Object(Closure))
#24 /Users/ramsesordonez/Documents/git/AlphaWeb/umbrella-irrigation/vendor/laravel/framework/src/Illuminate/Routing/Pipeline.php(53): Illuminate\\Pipeline\\Pipeline->Illuminate\\Pipeline\\{closure}(Object(Illuminate\\Http\\Request))
#25 /Users/ramsesordonez/Documents/git/AlphaWeb/umbrella-irrigation/vendor/laravel/framework/src/Illuminate/Foundation/Http/Middleware/TransformsRequest.php(30): Illuminate\\Routing\\Pipeline->Illuminate\\Routing\\{closure}(Object(Illuminate\\Http\\Request))
#26 /Users/ramsesordonez/Documents/git/AlphaWeb/umbrella-irrigation/vendor/laravel/framework/src/Illuminate/Pipeline/Pipeline.php(149): Illuminate\\Foundation\\Http\\Middleware\\TransformsRequest->handle(Object(Illuminate\\Http\\Request), Object(Closure))
#27 /Users/ramsesordonez/Documents/git/AlphaWeb/umbrella-irrigation/vendor/laravel/framework/src/Illuminate/Routing/Pipeline.php(53): Illuminate\\Pipeline\\Pipeline->Illuminate\\Pipeline\\{closure}(Object(Illuminate\\Http\\Request))
#28 /Users/ramsesordonez/Documents/git/AlphaWeb/umbrella-irrigation/vendor/laravel/framework/src/Illuminate/Foundation/Http/Middleware/TransformsRequest.php(30): Illuminate\\Routing\\Pipeline->Illuminate\\Routing\\{closure}(Object(Illuminate\\Http\\Request))
#29 /Users/ramsesordonez/Documents/git/AlphaWeb/umbrella-irrigation/vendor/laravel/framework/src/Illuminate/Pipeline/Pipeline.php(149): Illuminate\\Foundation\\Http\\Middleware\\TransformsRequest->handle(Object(Illuminate\\Http\\Request), Object(Closure))
#30 /Users/ramsesordonez/Documents/git/AlphaWeb/umbrella-irrigation/vendor/laravel/framework/src/Illuminate/Routing/Pipeline.php(53): Illuminate\\Pipeline\\Pipeline->Illuminate\\Pipeline\\{closure}(Object(Illuminate\\Http\\Request))
#31 /Users/ramsesordonez/Documents/git/AlphaWeb/umbrella-irrigation/vendor/laravel/framework/src/Illuminate/Foundation/Http/Middleware/ValidatePostSize.php(27): Illuminate\\Routing\\Pipeline->Illuminate\\Routing\\{closure}(Object(Illuminate\\Http\\Request))
#32 /Users/ramsesordonez/Documents/git/AlphaWeb/umbrella-irrigation/vendor/laravel/framework/src/Illuminate/Pipeline/Pipeline.php(149): Illuminate\\Foundation\\Http\\Middleware\\ValidatePostSize->handle(Object(Illuminate\\Http\\Request), Object(Closure))
#33 /Users/ramsesordonez/Documents/git/AlphaWeb/umbrella-irrigation/vendor/laravel/framework/src/Illuminate/Routing/Pipeline.php(53): Illuminate\\Pipeline\\Pipeline->Illuminate\\Pipeline\\{closure}(Object(Illuminate\\Http\\Request))
#34 /Users/ramsesordonez/Documents/git/AlphaWeb/umbrella-irrigation/vendor/laravel/framework/src/Illuminate/Foundation/Http/Middleware/CheckForMaintenanceMode.php(46): Illuminate\\Routing\\Pipeline->Illuminate\\Routing\\{closure}(Object(Illuminate\\Http\\Request))
#35 /Users/ramsesordonez/Documents/git/AlphaWeb/umbrella-irrigation/vendor/laravel/framework/src/Illuminate/Pipeline/Pipeline.php(149): Illuminate\\Foundation\\Http\\Middleware\\CheckForMaintenanceMode->handle(Object(Illuminate\\Http\\Request), Object(Closure))
#36 /Users/ramsesordonez/Documents/git/AlphaWeb/umbrella-irrigation/vendor/laravel/framework/src/Illuminate/Routing/Pipeline.php(53): Illuminate\\Pipeline\\Pipeline->Illuminate\\Pipeline\\{closure}(Object(Illuminate\\Http\\Request))
#37 /Users/ramsesordonez/Documents/git/AlphaWeb/umbrella-irrigation/vendor/laravel/framework/src/Illuminate/Pipeline/Pipeline.php(102): Illuminate\\Routing\\Pipeline->Illuminate\\Routing\\{closure}(Object(Illuminate\\Http\\Request))
#38 /Users/ramsesordonez/Documents/git/AlphaWeb/umbrella-irrigation/vendor/laravel/framework/src/Illuminate/Foundation/Http/Kernel.php(151): Illuminate\\Pipeline\\Pipeline->then(Object(Closure))
#39 /Users/ramsesordonez/Documents/git/AlphaWeb/umbrella-irrigation/vendor/laravel/framework/src/Illuminate/Foundation/Http/Kernel.php(116): Illuminate\\Foundation\\Http\\Kernel->sendRequestThroughRouter(Object(Illuminate\\Http\\Request))
#40 /Users/ramsesordonez/Documents/git/AlphaWeb/umbrella-irrigation/public/index.php(55): Illuminate\\Foundation\\Http\\Kernel->handle(Object(Illuminate\\Http\\Request))
#41 /Users/ramsesordonez/Documents/git/AlphaWeb/umbrella-irrigation/server.php(21): require_once('/Users/ramsesor...')
#42 {main}
"} 
[2018-03-12 17:05:00] production.ERROR: No application encryption key has been specified. {"exception":"[object] (RuntimeException(code: 0): No application encryption key has been specified. at /Users/ramsesordonez/Documents/git/AlphaWeb/umbrella-irrigation/vendor/laravel/framework/src/Illuminate/Encryption/EncryptionServiceProvider.php:42)
[stacktrace]
#0 /Users/ramsesordonez/Documents/git/AlphaWeb/umbrella-irrigation/vendor/laravel/framework/src/Illuminate/Support/helpers.php(1035): Illuminate\\Encryption\\EncryptionServiceProvider->Illuminate\\Encryption\\{closure}(NULL)
#1 /Users/ramsesordonez/Documents/git/AlphaWeb/umbrella-irrigation/vendor/laravel/framework/src/Illuminate/Encryption/EncryptionServiceProvider.php(46): tap(NULL, Object(Closure))
#2 /Users/ramsesordonez/Documents/git/AlphaWeb/umbrella-irrigation/vendor/laravel/framework/src/Illuminate/Encryption/EncryptionServiceProvider.php(24): Illuminate\\Encryption\\EncryptionServiceProvider->key(Array)
#3 /Users/ramsesordonez/Documents/git/AlphaWeb/umbrella-irrigation/vendor/laravel/framework/src/Illuminate/Container/Container.php(749): Illuminate\\Encryption\\EncryptionServiceProvider->Illuminate\\Encryption\\{closure}(Object(Illuminate\\Foundation\\Application), Array)
#4 /Users/ramsesordonez/Documents/git/AlphaWeb/umbrella-irrigation/vendor/laravel/framework/src/Illuminate/Container/Container.php(631): Illuminate\\Container\\Container->build(Object(Closure))
#5 /Users/ramsesordonez/Documents/git/AlphaWeb/umbrella-irrigation/vendor/laravel/framework/src/Illuminate/Container/Container.php(586): Illuminate\\Container\\Container->resolve('encrypter', Array)
#6 /Users/ramsesordonez/Documents/git/AlphaWeb/umbrella-irrigation/vendor/laravel/framework/src/Illuminate/Foundation/Application.php(721): Illuminate\\Container\\Container->make('encrypter', Array)
#7 /Users/ramsesordonez/Documents/git/AlphaWeb/umbrella-irrigation/vendor/laravel/framework/src/Illuminate/Container/Container.php(885): Illuminate\\Foundation\\Application->make('encrypter')
#8 /Users/ramsesordonez/Documents/git/AlphaWeb/umbrella-irrigation/vendor/laravel/framework/src/Illuminate/Container/Container.php(813): Illuminate\\Container\\Container->resolveClass(Object(ReflectionParameter))
#9 /Users/ramsesordonez/Documents/git/AlphaWeb/umbrella-irrigation/vendor/laravel/framework/src/Illuminate/Container/Container.php(780): Illuminate\\Container\\Container->resolveDependencies(Array)
#10 /Users/ramsesordonez/Documents/git/AlphaWeb/umbrella-irrigation/vendor/laravel/framework/src/Illuminate/Container/Container.php(631): Illuminate\\Container\\Container->build('App\\\\Http\\\\Middle...')
#11 /Users/ramsesordonez/Documents/git/AlphaWeb/umbrella-irrigation/vendor/laravel/framework/src/Illuminate/Container/Container.php(586): Illuminate\\Container\\Container->resolve('App\\\\Http\\\\Middle...', Array)
#12 /Users/ramsesordonez/Documents/git/AlphaWeb/umbrella-irrigation/vendor/laravel/framework/src/Illuminate/Foundation/Application.php(721): Illuminate\\Container\\Container->make('App\\\\Http\\\\Middle...', Array)
#13 /Users/ramsesordonez/Documents/git/AlphaWeb/umbrella-irrigation/vendor/laravel/framework/src/Illuminate/Foundation/Http/Kernel.php(215): Illuminate\\Foundation\\Application->make('App\\\\Http\\\\Middle...')
#14 /Users/ramsesordonez/Documents/git/AlphaWeb/umbrella-irrigation/vendor/laravel/framework/src/Illuminate/Foundation/Http/Kernel.php(189): Illuminate\\Foundation\\Http\\Kernel->terminateMiddleware(Object(Illuminate\\Http\\Request), Object(Illuminate\\Http\\Response))
#15 /Users/ramsesordonez/Documents/git/AlphaWeb/umbrella-irrigation/public/index.php(60): Illuminate\\Foundation\\Http\\Kernel->terminate(Object(Illuminate\\Http\\Request), Object(Illuminate\\Http\\Response))
#16 /Users/ramsesordonez/Documents/git/AlphaWeb/umbrella-irrigation/server.php(21): require_once('/Users/ramsesor...')
#17 {main}
"} 
[2018-03-12 17:07:15] production.ERROR: No application encryption key has been specified. {"exception":"[object] (RuntimeException(code: 0): No application encryption key has been specified. at /Users/ramsesordonez/Documents/git/AlphaWeb/umbrella-irrigation/vendor/laravel/framework/src/Illuminate/Encryption/EncryptionServiceProvider.php:42)
[stacktrace]
#0 /Users/ramsesordonez/Documents/git/AlphaWeb/umbrella-irrigation/vendor/laravel/framework/src/Illuminate/Support/helpers.php(1035): Illuminate\\Encryption\\EncryptionServiceProvider->Illuminate\\Encryption\\{closure}(NULL)
#1 /Users/ramsesordonez/Documents/git/AlphaWeb/umbrella-irrigation/vendor/laravel/framework/src/Illuminate/Encryption/EncryptionServiceProvider.php(46): tap(NULL, Object(Closure))
#2 /Users/ramsesordonez/Documents/git/AlphaWeb/umbrella-irrigation/vendor/laravel/framework/src/Illuminate/Encryption/EncryptionServiceProvider.php(24): Illuminate\\Encryption\\EncryptionServiceProvider->key(Array)
#3 /Users/ramsesordonez/Documents/git/AlphaWeb/umbrella-irrigation/vendor/laravel/framework/src/Illuminate/Container/Container.php(749): Illuminate\\Encryption\\EncryptionServiceProvider->Illuminate\\Encryption\\{closure}(Object(Illuminate\\Foundation\\Application), Array)
#4 /Users/ramsesordonez/Documents/git/AlphaWeb/umbrella-irrigation/vendor/laravel/framework/src/Illuminate/Container/Container.php(631): Illuminate\\Container\\Container->build(Object(Closure))
#5 /Users/ramsesordonez/Documents/git/AlphaWeb/umbrella-irrigation/vendor/laravel/framework/src/Illuminate/Container/Container.php(586): Illuminate\\Container\\Container->resolve('encrypter', Array)
#6 /Users/ramsesordonez/Documents/git/AlphaWeb/umbrella-irrigation/vendor/laravel/framework/src/Illuminate/Foundation/Application.php(721): Illuminate\\Container\\Container->make('encrypter', Array)
#7 /Users/ramsesordonez/Documents/git/AlphaWeb/umbrella-irrigation/vendor/laravel/framework/src/Illuminate/Container/Container.php(885): Illuminate\\Foundation\\Application->make('encrypter')
#8 /Users/ramsesordonez/Documents/git/AlphaWeb/umbrella-irrigation/vendor/laravel/framework/src/Illuminate/Container/Container.php(813): Illuminate\\Container\\Container->resolveClass(Object(ReflectionParameter))
#9 /Users/ramsesordonez/Documents/git/AlphaWeb/umbrella-irrigation/vendor/laravel/framework/src/Illuminate/Container/Container.php(780): Illuminate\\Container\\Container->resolveDependencies(Array)
#10 /Users/ramsesordonez/Documents/git/AlphaWeb/umbrella-irrigation/vendor/laravel/framework/src/Illuminate/Container/Container.php(631): Illuminate\\Container\\Container->build('App\\\\Http\\\\Middle...')
#11 /Users/ramsesordonez/Documents/git/AlphaWeb/umbrella-irrigation/vendor/laravel/framework/src/Illuminate/Container/Container.php(586): Illuminate\\Container\\Container->resolve('App\\\\Http\\\\Middle...', Array)
#12 /Users/ramsesordonez/Documents/git/AlphaWeb/umbrella-irrigation/vendor/laravel/framework/src/Illuminate/Foundation/Application.php(721): Illuminate\\Container\\Container->make('App\\\\Http\\\\Middle...', Array)
#13 /Users/ramsesordonez/Documents/git/AlphaWeb/umbrella-irrigation/vendor/laravel/framework/src/Illuminate/Pipeline/Pipeline.php(138): Illuminate\\Foundation\\Application->make('App\\\\Http\\\\Middle...')
#14 /Users/ramsesordonez/Documents/git/AlphaWeb/umbrella-irrigation/vendor/laravel/framework/src/Illuminate/Routing/Pipeline.php(53): Illuminate\\Pipeline\\Pipeline->Illuminate\\Pipeline\\{closure}(Object(Illuminate\\Http\\Request))
#15 /Users/ramsesordonez/Documents/git/AlphaWeb/umbrella-irrigation/vendor/laravel/framework/src/Illuminate/Pipeline/Pipeline.php(102): Illuminate\\Routing\\Pipeline->Illuminate\\Routing\\{closure}(Object(Illuminate\\Http\\Request))
#16 /Users/ramsesordonez/Documents/git/AlphaWeb/umbrella-irrigation/vendor/laravel/framework/src/Illuminate/Routing/Router.php(647): Illuminate\\Pipeline\\Pipeline->then(Object(Closure))
#17 /Users/ramsesordonez/Documents/git/AlphaWeb/umbrella-irrigation/vendor/laravel/framework/src/Illuminate/Routing/Router.php(622): Illuminate\\Routing\\Router->runRouteWithinStack(Object(Illuminate\\Routing\\Route), Object(Illuminate\\Http\\Request))
#18 /Users/ramsesordonez/Documents/git/AlphaWeb/umbrella-irrigation/vendor/laravel/framework/src/Illuminate/Routing/Router.php(588): Illuminate\\Routing\\Router->runRoute(Object(Illuminate\\Http\\Request), Object(Illuminate\\Routing\\Route))
#19 /Users/ramsesordonez/Documents/git/AlphaWeb/umbrella-irrigation/vendor/laravel/framework/src/Illuminate/Routing/Router.php(577): Illuminate\\Routing\\Router->dispatchToRoute(Object(Illuminate\\Http\\Request))
#20 /Users/ramsesordonez/Documents/git/AlphaWeb/umbrella-irrigation/vendor/laravel/framework/src/Illuminate/Foundation/Http/Kernel.php(176): Illuminate\\Routing\\Router->dispatch(Object(Illuminate\\Http\\Request))
#21 /Users/ramsesordonez/Documents/git/AlphaWeb/umbrella-irrigation/vendor/laravel/framework/src/Illuminate/Routing/Pipeline.php(30): Illuminate\\Foundation\\Http\\Kernel->Illuminate\\Foundation\\Http\\{closure}(Object(Illuminate\\Http\\Request))
#22 /Users/ramsesordonez/Documents/git/AlphaWeb/umbrella-irrigation/vendor/fideloper/proxy/src/TrustProxies.php(56): Illuminate\\Routing\\Pipeline->Illuminate\\Routing\\{closure}(Object(Illuminate\\Http\\Request))
#23 /Users/ramsesordonez/Documents/git/AlphaWeb/umbrella-irrigation/vendor/laravel/framework/src/Illuminate/Pipeline/Pipeline.php(149): Fideloper\\Proxy\\TrustProxies->handle(Object(Illuminate\\Http\\Request), Object(Closure))
#24 /Users/ramsesordonez/Documents/git/AlphaWeb/umbrella-irrigation/vendor/laravel/framework/src/Illuminate/Routing/Pipeline.php(53): Illuminate\\Pipeline\\Pipeline->Illuminate\\Pipeline\\{closure}(Object(Illuminate\\Http\\Request))
#25 /Users/ramsesordonez/Documents/git/AlphaWeb/umbrella-irrigation/vendor/laravel/framework/src/Illuminate/Foundation/Http/Middleware/TransformsRequest.php(30): Illuminate\\Routing\\Pipeline->Illuminate\\Routing\\{closure}(Object(Illuminate\\Http\\Request))
#26 /Users/ramsesordonez/Documents/git/AlphaWeb/umbrella-irrigation/vendor/laravel/framework/src/Illuminate/Pipeline/Pipeline.php(149): Illuminate\\Foundation\\Http\\Middleware\\TransformsRequest->handle(Object(Illuminate\\Http\\Request), Object(Closure))
#27 /Users/ramsesordonez/Documents/git/AlphaWeb/umbrella-irrigation/vendor/laravel/framework/src/Illuminate/Routing/Pipeline.php(53): Illuminate\\Pipeline\\Pipeline->Illuminate\\Pipeline\\{closure}(Object(Illuminate\\Http\\Request))
#28 /Users/ramsesordonez/Documents/git/AlphaWeb/umbrella-irrigation/vendor/laravel/framework/src/Illuminate/Foundation/Http/Middleware/TransformsRequest.php(30): Illuminate\\Routing\\Pipeline->Illuminate\\Routing\\{closure}(Object(Illuminate\\Http\\Request))
#29 /Users/ramsesordonez/Documents/git/AlphaWeb/umbrella-irrigation/vendor/laravel/framework/src/Illuminate/Pipeline/Pipeline.php(149): Illuminate\\Foundation\\Http\\Middleware\\TransformsRequest->handle(Object(Illuminate\\Http\\Request), Object(Closure))
#30 /Users/ramsesordonez/Documents/git/AlphaWeb/umbrella-irrigation/vendor/laravel/framework/src/Illuminate/Routing/Pipeline.php(53): Illuminate\\Pipeline\\Pipeline->Illuminate\\Pipeline\\{closure}(Object(Illuminate\\Http\\Request))
#31 /Users/ramsesordonez/Documents/git/AlphaWeb/umbrella-irrigation/vendor/laravel/framework/src/Illuminate/Foundation/Http/Middleware/ValidatePostSize.php(27): Illuminate\\Routing\\Pipeline->Illuminate\\Routing\\{closure}(Object(Illuminate\\Http\\Request))
#32 /Users/ramsesordonez/Documents/git/AlphaWeb/umbrella-irrigation/vendor/laravel/framework/src/Illuminate/Pipeline/Pipeline.php(149): Illuminate\\Foundation\\Http\\Middleware\\ValidatePostSize->handle(Object(Illuminate\\Http\\Request), Object(Closure))
#33 /Users/ramsesordonez/Documents/git/AlphaWeb/umbrella-irrigation/vendor/laravel/framework/src/Illuminate/Routing/Pipeline.php(53): Illuminate\\Pipeline\\Pipeline->Illuminate\\Pipeline\\{closure}(Object(Illuminate\\Http\\Request))
#34 /Users/ramsesordonez/Documents/git/AlphaWeb/umbrella-irrigation/vendor/laravel/framework/src/Illuminate/Foundation/Http/Middleware/CheckForMaintenanceMode.php(46): Illuminate\\Routing\\Pipeline->Illuminate\\Routing\\{closure}(Object(Illuminate\\Http\\Request))
#35 /Users/ramsesordonez/Documents/git/AlphaWeb/umbrella-irrigation/vendor/laravel/framework/src/Illuminate/Pipeline/Pipeline.php(149): Illuminate\\Foundation\\Http\\Middleware\\CheckForMaintenanceMode->handle(Object(Illuminate\\Http\\Request), Object(Closure))
#36 /Users/ramsesordonez/Documents/git/AlphaWeb/umbrella-irrigation/vendor/laravel/framework/src/Illuminate/Routing/Pipeline.php(53): Illuminate\\Pipeline\\Pipeline->Illuminate\\Pipeline\\{closure}(Object(Illuminate\\Http\\Request))
#37 /Users/ramsesordonez/Documents/git/AlphaWeb/umbrella-irrigation/vendor/laravel/framework/src/Illuminate/Pipeline/Pipeline.php(102): Illuminate\\Routing\\Pipeline->Illuminate\\Routing\\{closure}(Object(Illuminate\\Http\\Request))
#38 /Users/ramsesordonez/Documents/git/AlphaWeb/umbrella-irrigation/vendor/laravel/framework/src/Illuminate/Foundation/Http/Kernel.php(151): Illuminate\\Pipeline\\Pipeline->then(Object(Closure))
#39 /Users/ramsesordonez/Documents/git/AlphaWeb/umbrella-irrigation/vendor/laravel/framework/src/Illuminate/Foundation/Http/Kernel.php(116): Illuminate\\Foundation\\Http\\Kernel->sendRequestThroughRouter(Object(Illuminate\\Http\\Request))
#40 /Users/ramsesordonez/Documents/git/AlphaWeb/umbrella-irrigation/public/index.php(55): Illuminate\\Foundation\\Http\\Kernel->handle(Object(Illuminate\\Http\\Request))
#41 /Users/ramsesordonez/Documents/git/AlphaWeb/umbrella-irrigation/server.php(21): require_once('/Users/ramsesor...')
#42 {main}
"} 
[2018-03-12 17:07:15] production.ERROR: No application encryption key has been specified. {"exception":"[object] (RuntimeException(code: 0): No application encryption key has been specified. at /Users/ramsesordonez/Documents/git/AlphaWeb/umbrella-irrigation/vendor/laravel/framework/src/Illuminate/Encryption/EncryptionServiceProvider.php:42)
[stacktrace]
#0 /Users/ramsesordonez/Documents/git/AlphaWeb/umbrella-irrigation/vendor/laravel/framework/src/Illuminate/Support/helpers.php(1035): Illuminate\\Encryption\\EncryptionServiceProvider->Illuminate\\Encryption\\{closure}(NULL)
#1 /Users/ramsesordonez/Documents/git/AlphaWeb/umbrella-irrigation/vendor/laravel/framework/src/Illuminate/Encryption/EncryptionServiceProvider.php(46): tap(NULL, Object(Closure))
#2 /Users/ramsesordonez/Documents/git/AlphaWeb/umbrella-irrigation/vendor/laravel/framework/src/Illuminate/Encryption/EncryptionServiceProvider.php(24): Illuminate\\Encryption\\EncryptionServiceProvider->key(Array)
#3 /Users/ramsesordonez/Documents/git/AlphaWeb/umbrella-irrigation/vendor/laravel/framework/src/Illuminate/Container/Container.php(749): Illuminate\\Encryption\\EncryptionServiceProvider->Illuminate\\Encryption\\{closure}(Object(Illuminate\\Foundation\\Application), Array)
#4 /Users/ramsesordonez/Documents/git/AlphaWeb/umbrella-irrigation/vendor/laravel/framework/src/Illuminate/Container/Container.php(631): Illuminate\\Container\\Container->build(Object(Closure))
#5 /Users/ramsesordonez/Documents/git/AlphaWeb/umbrella-irrigation/vendor/laravel/framework/src/Illuminate/Container/Container.php(586): Illuminate\\Container\\Container->resolve('encrypter', Array)
#6 /Users/ramsesordonez/Documents/git/AlphaWeb/umbrella-irrigation/vendor/laravel/framework/src/Illuminate/Foundation/Application.php(721): Illuminate\\Container\\Container->make('encrypter', Array)
#7 /Users/ramsesordonez/Documents/git/AlphaWeb/umbrella-irrigation/vendor/laravel/framework/src/Illuminate/Container/Container.php(885): Illuminate\\Foundation\\Application->make('encrypter')
#8 /Users/ramsesordonez/Documents/git/AlphaWeb/umbrella-irrigation/vendor/laravel/framework/src/Illuminate/Container/Container.php(813): Illuminate\\Container\\Container->resolveClass(Object(ReflectionParameter))
#9 /Users/ramsesordonez/Documents/git/AlphaWeb/umbrella-irrigation/vendor/laravel/framework/src/Illuminate/Container/Container.php(780): Illuminate\\Container\\Container->resolveDependencies(Array)
#10 /Users/ramsesordonez/Documents/git/AlphaWeb/umbrella-irrigation/vendor/laravel/framework/src/Illuminate/Container/Container.php(631): Illuminate\\Container\\Container->build('App\\\\Http\\\\Middle...')
#11 /Users/ramsesordonez/Documents/git/AlphaWeb/umbrella-irrigation/vendor/laravel/framework/src/Illuminate/Container/Container.php(586): Illuminate\\Container\\Container->resolve('App\\\\Http\\\\Middle...', Array)
#12 /Users/ramsesordonez/Documents/git/AlphaWeb/umbrella-irrigation/vendor/laravel/framework/src/Illuminate/Foundation/Application.php(721): Illuminate\\Container\\Container->make('App\\\\Http\\\\Middle...', Array)
#13 /Users/ramsesordonez/Documents/git/AlphaWeb/umbrella-irrigation/vendor/laravel/framework/src/Illuminate/Foundation/Http/Kernel.php(215): Illuminate\\Foundation\\Application->make('App\\\\Http\\\\Middle...')
#14 /Users/ramsesordonez/Documents/git/AlphaWeb/umbrella-irrigation/vendor/laravel/framework/src/Illuminate/Foundation/Http/Kernel.php(189): Illuminate\\Foundation\\Http\\Kernel->terminateMiddleware(Object(Illuminate\\Http\\Request), Object(Illuminate\\Http\\Response))
#15 /Users/ramsesordonez/Documents/git/AlphaWeb/umbrella-irrigation/public/index.php(60): Illuminate\\Foundation\\Http\\Kernel->terminate(Object(Illuminate\\Http\\Request), Object(Illuminate\\Http\\Response))
#16 /Users/ramsesordonez/Documents/git/AlphaWeb/umbrella-irrigation/server.php(21): require_once('/Users/ramsesor...')
#17 {main}
"} 
